[0.017s] Invoking command in '/home/developer/SPWAR_ws/build/hello_moveit': CMAKE_PREFIX_PATH=${CMAKE_PREFIX_PATH}:/opt/ros/humble /usr/bin/cmake --build /home/developer/SPWAR_ws/build/hello_moveit -- -j16 -l16
[0.267s] [ 50%] [32mBuilding CXX object CMakeFiles/hello_moveit.dir/src/hello_moveit.cpp.o[0m
[7.995s] [01m[K/home/developer/SPWAR_ws/src/hello_moveit/src/hello_moveit.cpp:[m[K In member function â€˜[01m[Kbool MoveItNode::isTargetReachable(const Pose&)[m[Kâ€™:
[7.995s] [01m[K/home/developer/SPWAR_ws/src/hello_moveit/src/hello_moveit.cpp:56:27:[m[K [01;31m[Kerror: [m[Kâ€˜[01m[Krobot_state[m[Kâ€™ was not declared in this scope
[7.995s]    56 |         bool ik_success = [01;31m[Krobot_state[m[K->setFromIK(joint_model_group, target_pose);
[7.995s]       |                           [01;31m[K^~~~~~~~~~~[m[K
[10.373s] gmake[2]: *** [CMakeFiles/hello_moveit.dir/build.make:76: CMakeFiles/hello_moveit.dir/src/hello_moveit.cpp.o] Error 1
[10.374s] gmake[1]: *** [CMakeFiles/Makefile2:137: CMakeFiles/hello_moveit.dir/all] Error 2
[10.374s] gmake: *** [Makefile:146: all] Error 2
[10.377s] Invoked command in '/home/developer/SPWAR_ws/build/hello_moveit' returned '2': CMAKE_PREFIX_PATH=${CMAKE_PREFIX_PATH}:/opt/ros/humble /usr/bin/cmake --build /home/developer/SPWAR_ws/build/hello_moveit -- -j16 -l16
